scripts/kconfig/conf --silentoldconfig Kconfig
  CHK     include/generated/uapi/linux/version.h
  CHK     include/generated/utsrelease.h
  HOSTCC  scripts/dtc/checks.o
  HOSTCC  scripts/dtc/data.o
  HOSTCC  scripts/genksyms/genksyms.o
  HOSTCC  scripts/dtc/dtc-lexer.lex.o
  HOSTCC  scripts/genksyms/lex.lex.o
  HOSTCC  scripts/genksyms/parse.tab.o
  HOSTCC  scripts/dtc/dtc-parser.tab.o
  HOSTLD  scripts/genksyms/genksyms
  HOSTCC  scripts/dtc/dtc.o
  CC      scripts/mod/empty.o
  HOSTCC  scripts/mod/mk_elfconfig
  HOSTCC  scripts/dtc/flattree.o
  HOSTCC  scripts/selinux/genheaders/genheaders
  HOSTCC  scripts/kallsyms
  HOSTCC  scripts/conmakehash
  CC      scripts/mod/devicetable-offsets.s
  MKELF   scripts/mod/elfconfig.h
make[1]: 'include/generated/mach-types.h' is up to date.
  GEN     scripts/mod/devicetable-offsets.h
  HOSTCC  scripts/mod/modpost.o
  HOSTCC  scripts/dtc/fstree.o
  HOSTCC  scripts/mod/sumversion.o
  HOSTCC  scripts/dtc/livetree.o
  HOSTCC  scripts/selinux/mdp/mdp
  HOSTCC  scripts/dtc/srcpos.o
  HOSTCC  scripts/mod/file2alias.o
  CC      kernel/bounds.s
  HOSTLD  scripts/mod/modpost
  HOSTCC  scripts/dtc/treesource.o
  GEN     include/generated/bounds.h
  CC      arch/arm/kernel/asm-offsets.s
  HOSTCC  scripts/dtc/util.o
  GEN     include/generated/asm-offsets.h
  HOSTCC  scripts/bin2c
  HOSTCC  scripts/sortextable
  CALL    scripts/checksyscalls.sh
  HOSTLD  scripts/dtc/dtc
  CHK     include/generated/compile.h
  CC      init/do_mounts.o
  CC      init/do_mounts_rd.o
  CC      init/do_mounts_initrd.o
  CC      init/main.o
  CC      init/initramfs.o
  CC      init/calibrate.o
  HOSTCC  usr/gen_init_cpio
  CC      arch/arm/vfp/vfpmodule.o
  AS      arch/arm/vfp/entry.o
In function ‘cpio_replace_env’,
    inlined from ‘cpio_mkfile_line’ at usr/gen_init_cpio.c:453:26:
usr/gen_init_cpio.c:399:4: warning: ‘strncpy’ output may be truncated copying 4096 bytes from a string of length 4096 [-Wstringop-truncation]
    strncpy(new_location, expanded, PATH_MAX);
    ^~~~~~~~~~~~~~~~~~~~~~~~~~~~~~~~~~~~~~~~~
  AS      arch/arm/vfp/vfphw.o
  CC      init/init_task.o
  CC      arch/arm/vfp/vfpsingle.o
  CC      init/version.o
  GEN     usr/initramfs_data.cpio
  CC      arch/arm/vfp/vfpdouble.o
  CC      arch/arm/kernel/elf.o
  AS      arch/arm/kernel/entry-armv.o
  AS      arch/arm/kernel/entry-common.o
  AS      usr/initramfs_data.o
  CC      arch/arm/kernel/irq.o
  LD      init/mounts.o
  LD      arch/arm/vfp/vfp.o
  CC      arch/arm/kernel/opcodes.o
  CC      arch/arm/kernel/process.o
  CC      arch/arm/kernel/ptrace.o
  LD      arch/arm/vfp/built-in.o
  CC      arch/arm/mm/dma-mapping.o
  LD      usr/built-in.o
  CC      arch/arm/mm/extable.o
  LD      init/built-in.o
  CC      arch/arm/kernel/return_address.o
  CC      arch/arm/kernel/setup.o
  CC      arch/arm/kernel/stacktrace.o
  CC      arch/arm/kernel/signal.o
  CC      arch/arm/mm/fault.o
  CC      arch/arm/kernel/sys_arm.o
  CC      arch/arm/mm/init.o
  CC      arch/arm/kernel/time.o
  CC      arch/arm/kernel/traps.o
  CC      arch/arm/mm/iomap.o
  CC      arch/arm/kernel/atags_parse.o
  CC      arch/arm/kernel/cpuidle.o
  CC      arch/arm/mm/fault-armv.o
  CC      arch/arm/common/firmware.o
  CC      arch/arm/kernel/armksyms.o
  CC      arch/arm/mm/flush.o
  CC      arch/arm/mm/idmap.o
  CC      arch/arm/kernel/module.o
  AS      arch/arm/kernel/sleep.o
  CC      arch/arm/common/cpaccess.o
  CC      arch/arm/kernel/suspend.o
  CC      arch/arm/kernel/smp.o
  CC      arch/arm/mm/ioremap.o
  CC      arch/arm/kernel/smp_tlb.o
  CC      arch/arm/kernel/arch_timer.o
  LD      arch/arm/common/built-in.o
  CC      arch/arm/kernel/kprobes.o
  CC      arch/arm/mm/mmap.o
  CC      arch/arm/mm/pgd.o
  CC      arch/arm/kernel/kprobes-common.o
  CC      arch/arm/kernel/patch.o
  CC      arch/arm/kernel/kprobes-arm.o
  CC      arch/arm/kernel/unwind.o
  CC      arch/arm/kernel/devtree.o
  CC      arch/arm/mm/mmu.o
  CC      arch/arm/kernel/swp_emulate.o
  CC      arch/arm/mm/proc-syms.o
  CC      arch/arm/kernel/hw_breakpoint.o
  CC      arch/arm/mm/alignment.o
  LD      arch/arm/net/built-in.o
  CC      arch/arm/kernel/perf_event.o
  CC      arch/arm/kernel/perf_event_cpu.o
  CC      arch/arm/mm/highmem.o
  AS      arch/arm/mm/abort-ev7.o
  AS      arch/arm/mm/pabort-v7.o
  CC      arch/arm/kernel/topology.o
  AS      arch/arm/mm/cache-v7.o
  AS      arch/arm/crypto/aesbs-core.o
  CC      arch/arm/crypto/aesbs-glue.o
  CC      arch/arm/mm/copypage-v6.o
  CC      arch/arm/mm/context.o
  AS      arch/arm/mm/tlb-v7.o
  AS      arch/arm/crypto/aes-armv4.o
  CC      arch/arm/crypto/aes_glue.o
  AS      arch/arm/mm/proc-v7.o
  CC      arch/arm/kernel/io.o
  AS      arch/arm/kernel/hyp-stub.o
  LDS     arch/arm/kernel/vmlinux.lds
  AS      arch/arm/kernel/head.o
  LD      arch/arm/mm/built-in.o
  LD      arch/arm/kernel/built-in.o
  CC      arch/arm/mach-msm/dma.o
  CC      arch/arm/mach-msm/memory.o
  CC      arch/arm/mach-msm/board-dt.o
  CC      arch/arm/mach-msm/io.o
  CC      arch/arm/mach-msm/acpuclock.o
  LD      arch/arm/crypto/aes-arm.o
  LD      arch/arm/crypto/aes-arm-bs.o
  CC      arch/arm/mach-msm/perf_trace_counters.o
  LD      arch/arm/crypto/built-in.o
  LD      arch/arm/hotplug/built-in.o
  CC      arch/arm/mach-msm/perf_debug.o
  AS      arch/arm/mach-msm/headsmp.o
  CC      arch/arm/mach-msm/platsmp.o
  CC      arch/arm/mach-msm/hotplug.o
  CC      arch/arm/mach-msm/keypad-surf-ffa.o
  CC      arch/arm/mach-msm/board-8916.o
  CC      arch/arm/mach-msm/ext-buck-control.o
  CC      arch/arm/mach-msm/msm_mem_hole.o
  CC      kernel/fork.o
  CC      kernel/exec_domain.o
  CC      kernel/panic.o
  CC      arch/arm/mach-msm/smcmod.o
  CC      mm/filemap.o
  CC      mm/mempool.o
  CC      mm/oom_kill.o
  CC      fs/open.o
  AS      arch/arm/mach-msm/memutils/memcpy.o
  AS      arch/arm/mach-msm/memutils/copy_from_user.o
  CC      kernel/printk.o
  AS      arch/arm/mach-msm/memutils/copy_to_user.o
  CC      kernel/cpu.o
  CC      arch/arm/mach-msm/memutils/copy_page.o
  AS      arch/arm/mach-msm/memutils/memmove.o
  CC      fs/read_write.o
  CC      mm/fadvise.o
  LD      arch/arm/mach-msm/memutils/built-in.o
  CC      fs/file_table.o
  CC      mm/maccess.o
  LD      arch/arm/mach-msm/built-in.o
  CC      kernel/exit.o
  CC      fs/super.o
  CC      kernel/itimer.o
  HZFILE  kernel/hz.bc
  CC      fs/char_dev.o
  CC      kernel/softirq.o
  CC      mm/page_alloc.o
  CC      fs/stat.o
  CC      ipc/util.o
  CC      fs/exec.o
  CC      ipc/msgutil.o
  CC      kernel/resource.o
  CC      fs/pipe.o
  CC      ipc/msg.o
  CC      kernel/sysctl.o
  CC      fs/namei.o
  CC      ipc/sem.o
  CC      kernel/sysctl_binary.o
  CC      fs/fcntl.o
  CC      mm/page-writeback.o
  CC      kernel/capability.o
  CC      mm/readahead.o
  CC      fs/ioctl.o
  CC      fs/readdir.o
  CC      ipc/shm.o
  CC      kernel/ptrace.o
  CC      kernel/timer.o
  CC      fs/select.o
  CC      mm/swap.o
  CC      mm/truncate.o
  CC      fs/dcache.o
  CC      ipc/ipcns_notifier.o
  CC      ipc/syscall.o
  CC      ipc/ipc_sysctl.o
  CC      kernel/user.o
  CC      mm/vmscan.o
  CC      fs/inode.o
  CC      mm/shmem.o
  CC      kernel/signal.o
  LD      ipc/built-in.o
  CC      fs/attr.o
  CC      kernel/sys.o
  CC      kernel/kmod.o
  CC      security/keys/gc.o
  CC      fs/bad_inode.o
  CC      security/keys/key.o
  CC      mm/util.o
  CC      mm/mmzone.o
  CC      kernel/workqueue.o
  CC      mm/vmstat.o
  CC      security/keys/keyring.o
  CC      mm/backing-dev.o
  CC      kernel/pid.o
  CC      fs/file.o
  CC      kernel/task_work.o
  CC      security/keys/keyctl.o
  CC      kernel/extable.o
  CC      security/keys/permission.o
  CC      kernel/params.o
  CC      security/keys/process_keys.o
  CC      mm/mm_init.o
  CC      fs/filesystems.o
  CC      security/keys/request_key.o
  CC      kernel/posix-timers.o
  CC      security/keys/request_key_auth.o
  CC      kernel/kthread.o
  CC      security/keys/user_defined.o
  GEN     security/selinux/flask.h security/selinux/av_permissions.h
  CC      mm/mmu_context.o
  CC      crypto/api.o
  CC      security/selinux/avc.o
  CC      kernel/wait.o
  CC      fs/namespace.o
  CC      kernel/sys_ni.o
  CC      security/selinux/hooks.o
  CC      block/elevator.o
  CC      mm/percpu.o
  CC      security/keys/proc.o
  CC      security/selinux/selinuxfs.o
  CC      crypto/cipher.o
  CC      kernel/posix-cpu-timers.o
  CC      security/keys/sysctl.o
  LD      drivers/amba/built-in.o
  CC      security/selinux/netlink.o
  CC      kernel/mutex.o
  CC      crypto/compress.o
  CC      mm/slab_common.o
  LD      security/keys/built-in.o
  CC      fs/seq_file.o
  CC      kernel/hrtimer.o
  LD      drivers/auxdisplay/built-in.o
  CC      security/selinux/nlmsgtab.o
  CC      block/blk-core.o
  CC      crypto/memneq.o
  CC      drivers/base/core.o
  CC      drivers/block/brd.o
  CC      security/selinux/netif.o
  CC      kernel/rwsem.o
  CC      mm/compaction.o
  CC      drivers/block/loop.o
  CC      fs/xattr.o
  CC      security/selinux/netnode.o
  CC      crypto/algapi.o
  CC      mm/balloon_compaction.o
  CC      kernel/nsproxy.o
  CC      security/selinux/netport.o
  CC      security/selinux/exports.o
  CC      kernel/semaphore.o
  CC      drivers/base/bus.o
  CC      fs/libfs.o
  CC      drivers/block/zram/zcomp_lzo.o
  CC      mm/interval_tree.o
  CC      crypto/scatterwalk.o
  CC      security/selinux/ss/ebitmap.o
  CC      drivers/block/zram/zcomp.o
  CC      mm/fremap.o
  CC      kernel/notifier.o
  CC      security/selinux/ss/hashtab.o
  CC      drivers/block/zram/zram_drv.o
  CC      drivers/base/dd.o
  CC      fs/fs-writeback.o
  CC      security/selinux/ss/symtab.o
  CC      drivers/block/zram/zcomp_lz4.o
  CC      security/selinux/ss/sidtab.o
  CC      crypto/proc.o
  LD      drivers/block/zram/zram.o
  LD      drivers/block/zram/built-in.o
  CC      kernel/ksysfs.o
  LD      drivers/block/built-in.o
  CC      security/selinux/ss/avtab.o
  CC      crypto/ablkcipher.o
  CC      mm/highmem.o
  CC      drivers/base/syscore.o
  CC      security/commoncap.o
  CC      security/selinux/ss/policydb.o
  CC      fs/pnode.o
  CC      fs/splice.o
  CC      drivers/base/driver.o
  CC      security/selinux/ss/services.o
  CC      block/blk-tag.o
  CC      kernel/cred.o
  CC      kernel/async.o
  CC      crypto/blkcipher.o
  CC      security/selinux/ss/conditional.o
  CC      mm/madvise.o
  CC      drivers/base/class.o
  CC      security/selinux/ss/mls.o
  CC      fs/sync.o
  CC      kernel/range.o
  CC      block/blk-sysfs.o
  CC      mm/memory.o
  CC      mm/mincore.o
  CC      crypto/ahash.o
  CC      drivers/base/platform.o
  CC      security/selinux/ss/status.o
  CC      kernel/groups.o
  CC      block/blk-flush.o
  LD      security/selinux/selinux.o
  CC      kernel/lglock.o
  CC      fs/utimes.o
  LD      security/selinux/built-in.o
  CC      mm/mlock.o
  CC      fs/stack.o
  CC      security/min_addr.o
  CC      drivers/base/cpu.o
  CC      block/blk-settings.o
  CC      crypto/shash.o
  CC      crypto/algboss.o
  CC      kernel/smpboot.o
  CC      security/security.o
  CC      fs/fs_struct.o
  CC      drivers/base/firmware.o
  CC      mm/mmap.o
  CC      crypto/testmgr.o
  CC      fs/statfs.o
  CC      block/blk-ioc.o
  CC      kernel/events/core.o
  CC      mm/mprotect.o
  CC      drivers/base/init.o
  CC      security/capability.o
  CC      security/lsm_audit.o
  CC      drivers/base/map.o
  CC      mm/mremap.o
  CC      kernel/events/ring_buffer.o
  CC      drivers/base/devres.o
  LD      security/built-in.o
  CC      fs/buffer.o
  CC      mm/msync.o
  CC      block/blk-map.o
  CC      mm/rmap.o
  CC      block/blk-exec.o
  CC      mm/vmalloc.o
  CC      kernel/events/callchain.o
  CC      drivers/base/attribute_container.o
  CC      kernel/events/hw_breakpoint.o
  CC      block/blk-merge.o
  CC      mm/pagewalk.o
  CC      fs/bio.o
  CC      drivers/base/transport_class.o
  CC      mm/pgtable-generic.o
  CC      drivers/base/topology.o
  CC      drivers/base/dma-contiguous.o
  CC      mm/process_vm_access.o
  LD      kernel/events/built-in.o
  CC      block/blk-softirq.o
  CC      drivers/base/dma-removed.o
  CC      kernel/power/qos.o
  CC      kernel/irq/irqdesc.o
  CC      mm/showmem.o
  CC      drivers/base/power/sysfs.o
  CC      mm/vmpressure.o
  CC      fs/block_dev.o
  CC      block/blk-timeout.o
  CC      kernel/power/main.o
  CC      kernel/irq/handle.o
  CC      mm/init-mm.o
  CC      drivers/base/power/generic_ops.o
  CC      mm/bootmem.o
  CC      kernel/irq/manage.o
  CC      kernel/irq/spurious.o
  CC      fs/direct-io.o
  CC      block/blk-iopoll.o
  CC      drivers/base/power/common.o
  CC      crypto/crypto_wq.o
  CC      kernel/irq/resend.o
  CC      kernel/power/console.o
  CC      drivers/base/power/qos.o
  CC      mm/memblock.o
  CC      mm/bounce.o
  CC      kernel/irq/chip.o
  CC      crypto/aead.o
  CC      drivers/base/power/main.o
  CC      fs/mpage.o
  CC      kernel/power/process.o
  CC      fs/ioprio.o
  CC      block/blk-lib.o
  CC      kernel/irq/dummychip.o
  CC      kernel/power/suspend.o
  CC      drivers/base/power/wakeup.o
  LD      crypto/crypto_blkcipher.o
drivers/base/power/wakeup.c: In function ‘wakeup_source_activate’:
drivers/base/power/wakeup.c:440:1: warning: this ‘if’ clause does not guard... [-Wmisleading-indentation]
 if (!enable_si_ws && !strcmp(ws->name, "sensor_ind"))
 ^~
drivers/base/power/wakeup.c:443:2: note: ...this statement, but the latter is misleadingly indented as if it were guarded by the ‘if’
  if (!enable_msm_hsic_ws && !strcmp(ws->name, "msm_hsic_host"))
  ^~
  CC      mm/page_io.o
  CC      crypto/chainiv.o
  CC      kernel/irq/devres.o
  CC      mm/swap_state.o
  CC      crypto/eseqiv.o
  LD      crypto/crypto_hash.o
  CC      block/ioctl.o
  CC      fs/proc_namespace.o
  CC      drivers/base/power/runtime.o
  CC      mm/swapfile.o
  CC      fs/configfs/inode.o
  CC      crypto/pcompress.o
  CC      block/genhd.o
  CC      kernel/irq/autoprobe.o
  CC      fs/configfs/file.o
  CC      fs/configfs/dir.o
  CC      drivers/base/power/clock_ops.o
  CC      kernel/power/powersuspend.o
  CC      block/scsi_ioctl.o
  CC      drivers/base/power/boeffla_wl_blocker.o
  LD      crypto/cryptomgr.o
  CC      mm/dmapool.o
  CC      kernel/irq/irqdomain.o
  CC      mm/slub.o
  CC      kernel/power/autosleep.o
  LD      drivers/base/power/built-in.o
  CC      fs/configfs/symlink.o
  CC      fs/configfs/mount.o
  CC      kernel/power/wakelock.o
  CC      drivers/base/dma-mapping.o
  CC      drivers/base/regmap/regmap.o
  CC      block/partition-generic.o
  CC      fs/configfs/item.o
  CC      kernel/power/suspend_time.o
  CC      kernel/power/quickwakeup.o
  CC      mm/migrate.o
  CC      kernel/irq/proc.o
  CC      crypto/hmac.o
  CC      drivers/base/regmap/regcache.o
  CC      kernel/power/poweroff.o
  CC      kernel/irq/pm.o
  LD      fs/configfs/configfs.o
  CC      block/bsg.o
  LD      fs/configfs/built-in.o
  CC      block/partitions/check.o
  CC      crypto/xcbc.o
  CC      fs/debugfs/inode.o
  CC      mm/page_isolation.o
  CC      crypto/crypto_null.o
  CC      block/partitions/msdos.o
  CC      drivers/base/regmap/regcache-rbtree.o
  LD      kernel/irq/built-in.o
  CC      mm/zsmalloc.o
  CC      drivers/base/regmap/regcache-lzo.o
  CC      crypto/md4.o
  CC      block/partitions/efi.o
  CC      kernel/power/wakeup_reason.o
  CC      block/noop-iosched.o
  CC      drivers/base/dma-coherent.o
  CC      drivers/base/regmap/regcache-flat.o
  CC      crypto/md5.o
  CC      fs/debugfs/file.o
  LD      block/partitions/built-in.o
  LD      kernel/power/built-in.o
  CC      block/deadline-iosched.o
  CC      drivers/base/regmap/regmap-debugfs.o
  CC      crypto/sha1_generic.o
  CC      kernel/rcu/update.o
  CC      block/row-iosched.o
  LD      mm/built-in.o
  CC      drivers/base/regmap/regmap-i2c.o
  CC      sound/sound_core.o
  CC      block/cfq-iosched.o
  CC      block/sio-iosched.o
  LD      sound/arm/built-in.o
  CC      block/bfq-iosched.o
  CC      crypto/sha256_generic.o
  CC      fs/devpts/inode.o
  CC      fs/exfat/exfat_core.o
  CC      block/fiops-iosched.o
  CC      drivers/base/regmap/regmap-spi.o
  CC      kernel/rcu/srcu.o
  LD      sound/atmel/built-in.o
  LD      fs/devpts/devpts.o
  LD      fs/devpts/built-in.o
  CC      sound/core/compress_offload.o
fs/exfat/exfat_core.c: In function ‘ffsMountVol’:
fs/exfat/exfat_core.c:183:2: warning: this ‘if’ clause does not guard... [-Wmisleading-indentation]
  if (sector_read(sb, 0, &tmp_bh, 1) != FFS_SUCCESS)
  ^~
fs/exfat/exfat_core.c:186:3: note: ...this statement, but the latter is misleadingly indented as if it were guarded by the ‘if’
   p_fs->PBR_sector = 0;
   ^~~~
  LD      block/built-in.o
  LD      sound/drivers/mpu401/built-in.o
  CC      crypto/gf128mul.o
  CC      fs/exfat/exfat_super.o
  CC      drivers/base/regmap/regmap-swr.o
  LD      sound/drivers/opl3/built-in.o
  CC      fs/exfat/exfat_api.o
  CC      sound/core/hwdep.o
  LD      sound/drivers/opl4/built-in.o
  CC      crypto/ecb.o
  LD      sound/drivers/pcsp/built-in.o
  LD      drivers/base/regmap/built-in.o
  CC      drivers/base/dma-buf.o
  LD      firmware/built-in.o
  CC      crypto/cbc.o
  CC      crypto/xts.o
  LD      sound/drivers/vx/built-in.o
  CC      fs/exfat/exfat_blkdev.o
  CC      sound/core/memalloc.o
  LD      sound/drivers/built-in.o
  CC      fs/exfat/exfat_cache.o
  CC      fs/exfat/exfat_data.o
  CC      fs/exfat/exfat_bitmap.o
  CC      kernel/rcu/tree.o
  LD      fs/debugfs/debugfs.o
  CC      sound/core/pcm.o
  CC      drivers/base/firmware_class.o
  LD      fs/debugfs/built-in.o
  CC      fs/exfat/exfat_nls.o
  CC      sound/core/pcm_native.o
  CC      fs/exfat/exfat_oal.o
  CC      fs/exfat/exfat_upcase.o
  CC      arch/arm/oprofile/../../../drivers/oprofile/oprof.o
  LD      kernel/rcu/built-in.o
  CC      drivers/base/module.o
  LD      fs/exfat/exfat.o
  LD      fs/exfat/built-in.o
  CC      kernel/sched/core.o
  CC      drivers/base/soc.o
  CC      sound/core/pcm_lib.o
  CC      net/socket.o
  LD      fs/exofs/built-in.o
kernel/sched/core.c:639:13: warning: ‘set_nr_and_not_polling’ defined but not used [-Wunused-function]
 static bool set_nr_and_not_polling(struct task_struct *p)
             ^~~~~~~~~~~~~~~~~~~~~~
  CC      fs/ext2/balloc.o
  CC      drivers/base/pinctrl.o
  CC      fs/ext2/dir.o
  LD      drivers/base/built-in.o
  CC      fs/ext2/file.o
  CC      sound/core/pcm_timer.o
  LD      drivers/bluetooth/built-in.o
  CC      fs/ext2/ialloc.o
  LD      drivers/bus/built-in.o
  CC      sound/core/pcm_misc.o
  CC      fs/ext2/inode.o
  LD      drivers/cdrom/built-in.o
  CC      kernel/sched/clock.o
  CC      fs/ext2/ioctl.o
  CC      drivers/char/mem.o
  CC      fs/ext2/namei.o
  CC      sound/core/pcm_memory.o
  CC      drivers/char/random.o
  CC      fs/ext2/super.o
  CC      kernel/sched/cputime.o
  CC      fs/ext2/symlink.o
  CC      kernel/sched/idle_task.o
  CC      fs/ext2/xattr.o
  CC      kernel/sched/fair.o
  CC      sound/core/rawmidi.o
  CC      fs/ext2/xattr_user.o
kernel/sched/fair.c: In function ‘idle_balance’:
kernel/sched/fair.c:7005:3: warning: this ‘if’ clause does not guard... [-Wmisleading-indentation]
   if (time_after(next_balance, sd->last_balance + interval))
   ^~
kernel/sched/fair.c:7011:5: note: ...this statement, but the latter is misleadingly indented as if it were guarded by the ‘if’
     if (pulled_task || this_rq->nr_running > 0) {
     ^~
  CC      drivers/char/misc.o
  CC      kernel/sched/rt.o
  CC      fs/ext2/xattr_trusted.o
  CC      kernel/sched/stop_task.o
  CC      sound/core/timer.o
  LD      fs/ext2/ext2.o
  CC      kernel/sched/sched_avg.o
  LD      fs/ext2/built-in.o
  CC      drivers/char/diag/diagchar_core.o
  CC      fs/ext3/balloc.o
  CC      drivers/char/diag/diagchar_hdlc.o
  CC      fs/ext3/bitmap.o
  CC      kernel/sched/cpupri.o
  CC      sound/core/sound.o
  CC      drivers/char/diag/diagfwd.o
  CC      kernel/sched/idle.o
  CC      fs/ext3/dir.o
  CC      kernel/sched/stats.o
  CC      fs/ext3/file.o
  CC      kernel/sched/debug.o
  CC      sound/core/init.o
  CC      fs/ext3/fsync.o
  CC      kernel/sched/cpuacct.o
  CC      fs/ext3/ialloc.o
  LD      kernel/sched/built-in.o
  CC      sound/core/memory.o
  CC      fs/ext3/inode.o
  CC      kernel/time/timekeeping.o
  CC      fs/ext3/ioctl.o
  CC      sound/core/info.o
  CC      net/802/p8022.o
  CC      fs/ext3/namei.o
  CC      kernel/time/ntp.o
  CC      fs/ext3/super.o
  CC      kernel/time/clocksource.o
  CC      sound/core/control.o
  CC      fs/ext3/symlink.o
  CC      fs/ext3/hash.o
  CC      fs/ext3/resize.o
  CC      kernel/time/jiffies.o
  CC      sound/core/misc.o
  CC      kernel/time/timer_list.o
  CC      kernel/time/timeconv.o
  CC      drivers/char/diag/diag_mux.o
  CC      sound/core/device.o
  CC      kernel/time/posix-clock.o
  CC      sound/core/jack.o
  CC      net/802/psnap.o
  CC      kernel/time/alarmtimer.o
  CC      drivers/char/diag/diag_memorydevice.o
  LD      sound/core/snd.o
  LD      sound/core/snd-hwdep.o
  LD      sound/core/snd-timer.o
  LD      sound/core/snd-pcm.o
  CC      kernel/time/clockevents.o
  LD      sound/core/snd-page-alloc.o
  LD      sound/core/snd-rawmidi.o
  LD      sound/core/snd-compress.o
  LD      sound/core/built-in.o
  CC      kernel/time/tick-common.o
  CC      fs/ext3/ext3_jbd.o
  LD      sound/firewire/built-in.o
  CC      kernel/time/tick-broadcast.o
  LD      sound/i2c/other/built-in.o
  LD      sound/i2c/built-in.o
  CC      drivers/char/diag/diag_usb.o
  LD      sound/isa/ad1816a/built-in.o
  LD      sound/isa/ad1848/built-in.o
  LD      sound/isa/cs423x/built-in.o
  LD      sound/isa/es1688/built-in.o
  CC      kernel/time/tick-broadcast-hrtimer.o
  LD      sound/isa/galaxy/built-in.o
  LD      sound/isa/gus/built-in.o
  CC      fs/ext3/xattr.o
  LD      sound/isa/msnd/built-in.o
  CC      net/802/stp.o
  LD      sound/isa/opti9xx/built-in.o
  CC      kernel/time/sched_clock.o
  LD      sound/isa/sb/built-in.o
  CC      drivers/char/diag/diagmem.o
  CC      kernel/time/tick-oneshot.o
  LD      sound/isa/wavefront/built-in.o
  LD      sound/isa/wss/built-in.o
  LD      sound/isa/built-in.o
  LD      sound/mips/built-in.o
  CC      kernel/time/tick-sched.o
  LD      sound/parisc/built-in.o
  LD      sound/pci/ac97/built-in.o
  LD      kernel/time/built-in.o
  CC      drivers/char/diag/diagfwd_cntl.o
  LD      sound/pci/ali5451/built-in.o
  CC      kernel/trace/trace_clock.o
  LD      sound/pci/asihpi/built-in.o
  LD      sound/pci/au88x0/built-in.o
  CC      fs/ext3/xattr_user.o
  CC      kernel/trace/ring_buffer.o
  LD      sound/pci/aw2/built-in.o
  LD      sound/pci/ca0106/built-in.o
  LD      net/802/built-in.o
  LD      sound/pci/cs46xx/built-in.o
  CC      net/bluetooth/af_bluetooth.o
  LD      sound/pci/cs5535audio/built-in.o
  CC      kernel/trace/trace.o
  LD      sound/pci/ctxfi/built-in.o
  LD      sound/pci/echoaudio/built-in.o
  LD      sound/pci/emu10k1/built-in.o
  CC      fs/ext3/xattr_trusted.o
  CC      drivers/char/diag/diag_dci.o
  LD      sound/pci/hda/built-in.o
  CC      kernel/trace/trace_output.o
kernel/trace/trace_output.c: In function ‘trace_graph_ret_raw’:
kernel/trace/trace_output.c:1143:2: warning: this ‘if’ clause does not guard... [-Wmisleading-indentation]
  if (!trace_seq_printf(&iter->seq, "%lx %lld %lld %ld %d\n",
  ^~
kernel/trace/trace_output.c:1149:3: note: ...this statement, but the latter is misleadingly indented as if it were guarded by the ‘if’
   return TRACE_TYPE_PARTIAL_LINE;
   ^~~~~~
  LD      sound/pci/ice1712/built-in.o
  LD      sound/pci/korg1212/built-in.o
  CC      kernel/trace/trace_stat.o
  LD      sound/pci/lola/built-in.o
  LD      sound/pci/lx6464es/built-in.o
  CC      kernel/trace/trace_printk.o
  LD      sound/pci/mixart/built-in.o
  CC      fs/ext3/xattr_security.o
  LD      sound/pci/nm256/built-in.o
  LD      sound/pci/oxygen/built-in.o
  CC      kernel/trace/trace_sched_switch.o
  CC      kernel/trace/trace_nop.o
  LD      sound/pci/pcxhr/built-in.o
  CC      kernel/trace/blktrace.o
  LD      sound/pci/riptide/built-in.o
  LD      sound/pci/rme9652/built-in.o
  CC      net/bluetooth/hci_core.o
  LD      sound/pci/trident/built-in.o
  LD      fs/ext3/ext3.o
  CC      kernel/trace/trace_events.o
  LD      sound/pci/vx222/built-in.o
  LD      fs/ext3/built-in.o
  LD      sound/pci/ymfpci/built-in.o
  LD      sound/pci/built-in.o
  CC      fs/ext4/balloc.o
  CC      drivers/char/diag/diag_masks.o
  CC      kernel/trace/trace_export.o
  LD      sound/pcmcia/pdaudiocf/built-in.o
  LD      sound/pcmcia/vx/built-in.o
  LD      sound/pcmcia/built-in.o
  LD      sound/ppc/built-in.o
  LD      sound/sh/built-in.o
  CC      sound/soc/soc-core.o
  CC      fs/ext4/bitmap.o
  CC      kernel/trace/trace_event_perf.o
  CC      kernel/trace/trace_events_filter.o
  CC      net/bluetooth/hci_conn.o
  CC      drivers/char/diag/diag_debugfs.o
  CC      fs/ext4/dir.o
  CC      sound/soc/soc-dapm.o
  CC      fs/ext4/file.o
  CC      kernel/trace/trace_kprobe.o
  CC      fs/ext4/fsync.o
  CC      kernel/trace/power-traces.o
  CC      sound/soc/soc-jack.o
  CC      fs/ext4/ialloc.o
  CC      fs/ext4/inode.o
  CC      kernel/trace/rpm-traces.o
  CC      sound/soc/soc-cache.o
  CC      drivers/char/diag/diagaddon_slate.o
  CC      kernel/trace/trace_probe.o
  CC      sound/soc/soc-utils.o
  LD      kernel/trace/built-in.o
  CC      kernel/freezer.o
  CC      sound/soc/soc-pcm.o
  CC      kernel/profile.o
  CC      net/bluetooth/hci_event.o
  LD      drivers/char/diag/diagchar.o
  LD      drivers/char/diag/built-in.o
  CC      sound/soc/soc-compress.o
  CC      drivers/char/hw_random/core.o
  CC      kernel/stacktrace.o
  CC      sound/soc/soc-io.o
  CC      kernel/futex.o
  CC      kernel/rtmutex.o
  CC      drivers/char/hw_random/msm_rng.o
  CC      kernel/smp.o
  LD      sound/soc/atmel/built-in.o
  LD      sound/soc/au1x/built-in.o
  LD      sound/soc/blackfin/built-in.o
  LD      sound/soc/cirrus/built-in.o
  CC      drivers/char/hw_random/fips_drbg.o
  CC      sound/soc/codecs/audio-ext-clk.o
  CC      kernel/spinlock.o
  CC      fs/ext4/page-io.o
  CC      sound/soc/codecs/msm_stub.o
  CC      drivers/char/hw_random/ctr_drbg.o
  CC      kernel/uid16.o
  CC      net/bluetooth/mgmt.o
  CC      sound/soc/codecs/msm8x16-wcd.o
  CC      fs/ext4/ioctl.o
  CC      drivers/char/hw_random/msm_fips_selftest.o
  CC      kernel/module.o
  LD      drivers/char/hw_random/rng-core.o
  LD      drivers/char/hw_random/built-in.o
  CC      drivers/char/msm_smd_pkt.o
  CC      fs/ext4/namei.o
  CC      drivers/char/frandom.o
sound/soc/codecs/msm8x16-wcd.c: In function ‘msm8x16_wcd_codec_enable_on_demand_supply’:
sound/soc/codecs/msm8x16-wcd.c:1887:3: warning: this ‘if’ clause does not guard... [-Wmisleading-indentation]
   if (atomic_dec_return(&supply->ref) == 0)
   ^~
sound/soc/codecs/msm8x16-wcd.c:1889:4: note: ...this statement, but the latter is misleadingly indented as if it were guarded by the ‘if’
    if (ret)
    ^~
sound/soc/codecs/msm8x16-wcd.c: In function ‘msm8x16_wcd_codec_enable_spk_pa’:
sound/soc/codecs/msm8x16-wcd.c:3198:3: warning: this ‘if’ clause does not guard... [-Wmisleading-indentation]
   if (get_codec_version(msm8x16_wcd) < CAJON_2_0)
   ^~
sound/soc/codecs/msm8x16-wcd.c:3200:4: note: ...this statement, but the latter is misleadingly indented as if it were guarded by the ‘if’
    snd_soc_update_bits(codec, w->reg, 0x80, 0x00);
    ^~~~~~~~~~~~~~~~~~~
  CC      sound/soc/codecs/msm8x16-wcd-tables.o
  CC      net/bluetooth/hci_sock.o
  LD      drivers/char/built-in.o
  CC      drivers/clk/clk-devres.o
  CC      fs/ext4/super.o
  CC      sound/soc/codecs/wcd9xxx-common.o
  CC      kernel/kallsyms.o
  CC      drivers/clk/clkdev.o
  CC      net/bluetooth/hci_sysfs.o
  CC      drivers/clk/clk.o
  CC      kernel/cgroup.o
  CC      sound/soc/codecs/wcd9xxx-resmgr.o
